<?xml version="1.0" encoding="UTF-8"?>
<!-- Generated by org.testng.reporters.JUnitReportReporter -->
<testsuite hostname="YB-1NCR2X2" failures="0" tests="5" name="Parallel.ParallelRun" time="64.070" errors="0" timestamp="24 Aug 2021 20:02:55 GMT" skipped="0">
  <testcase classname="Parallel.ParallelRun" name="runScenario" time="16.404"/>
  <testcase classname="Parallel.ParallelRun" name="runScenario" time="16.184"/>
  <testcase classname="Parallel.ParallelRun" name="runScenario" time="7.781"/>
  <testcase classname="Parallel.ParallelRun" name="runScenario" time="16.527"/>
  <testcase classname="Parallel.ParallelRun" name="runScenario" time="7.174"/>
</testsuite> <!-- Parallel.ParallelRun -->
